<?xml version="1.0" encoding="UTF-8"?>
<testng-results ignored="0" total="1" passed="1" failed="0" skipped="0">
  <reporter-output>
  </reporter-output>
  <suite started-at="2024-05-17T10:14:57 IST" name="Default suite" finished-at="2024-05-17T10:14:57 IST" duration-ms="127">
    <groups>
    </groups>
    <test started-at="2024-05-17T10:14:57 IST" name="Default test" finished-at="2024-05-17T10:14:57 IST" duration-ms="127">
      <class name="testrunner.Runclass">
        <test-method signature="runCucumber()[pri:0, instance:testrunner.Runclass@2767e23c]" started-at="2024-05-17T10:14:57 IST" name="runCucumber" finished-at="2024-05-17T10:14:57 IST" duration-ms="26" status="PASS">
          <reporter-output>
          </reporter-output>
        </test-method> <!-- runCucumber -->
      </class> <!-- testrunner.Runclass -->
    </test> <!-- Default test -->
  </suite> <!-- Default suite -->
</testng-results>
